# JRE version: Java(TM) SE Runtime Environment (8.0_181-b13) (build 1.8.0_181-b13)
# Java VM: Java HotSpot(TM) 64-Bit Server VM (25.181-b13 mixed mode linux-amd64 compressed oops)
Heap:
 PSYoungGen      total 132608K, used 8681K [0x00000000ebf00000, 0x00000000f5780000, 0x0000000100000000)
  eden space 123904K, 0% used [0x00000000ebf00000,0x00000000ebf00000,0x00000000f3800000)
  from space 8704K, 99% used [0x00000000f4f00000,0x00000000f577a420,0x00000000f5780000)
  to   space 6144K, 0% used [0x00000000f3800000,0x00000000f3800000,0x00000000f3e00000)
 ParOldGen       total 31232K, used 12030K [0x00000000c3c00000, 0x00000000c5a80000, 0x00000000ebf00000)
  object space 31232K, 38% used [0x00000000c3c00000,0x00000000c47bfae8,0x00000000c5a80000)
 Metaspace       used 33558K, capacity 35346K, committed 35456K, reserved 1079296K
  class space    used 4529K, capacity 4886K, committed 4992K, reserved 1048576K
GC Heap History (10 events):
Event: 1.756 GC heap after
Heap after GC invocations=6 (full 0):
 PSYoungGen      total 68608K, used 5255K [0x00000000ebf00000, 0x00000000f0900000, 0x0000000100000000)
  eden space 62976K, 0% used [0x00000000ebf00000,0x00000000ebf00000,0x00000000efc80000)
  from space 5632K, 93% used [0x00000000f0280000,0x00000000f07a1db8,0x00000000f0800000)
  to   space 6144K, 0% used [0x00000000efc80000,0x00000000efc80000,0x00000000f0280000)
 ParOldGen       total 42496K, used 6040K [0x00000000c3c00000, 0x00000000c6580000, 0x00000000ebf00000)
  object space 42496K, 14% used [0x00000000c3c00000,0x00000000c41e60c0,0x00000000c6580000)
 Metaspace       used 17962K, capacity 19090K, committed 19328K, reserved 1067008K
  class space    used 2384K, capacity 2620K, committed 2688K, reserved 1048576K
}
Event: 1.911 GC heap before
{Heap before GC invocations=7 (full 0):
 PSYoungGen      total 68608K, used 23399K [0x00000000ebf00000, 0x00000000f0900000, 0x0000000100000000)
  eden space 62976K, 28% used [0x00000000ebf00000,0x00000000ed0b81d0,0x00000000efc80000)
  from space 5632K, 93% used [0x00000000f0280000,0x00000000f07a1db8,0x00000000f0800000)
  to   space 6144K, 0% used [0x00000000efc80000,0x00000000efc80000,0x00000000f0280000)
 ParOldGen       total 42496K, used 6040K [0x00000000c3c00000, 0x00000000c6580000, 0x00000000ebf00000)
  object space 42496K, 14% used [0x00000000c3c00000,0x00000000c41e60c0,0x00000000c6580000)
 Metaspace       used 20056K, capacity 21196K, committed 21296K, reserved 1067008K
  class space    used 2636K, capacity 2867K, committed 2944K, reserved 1048576K
Event: 1.916 GC heap after
Heap after GC invocations=7 (full 0):
 PSYoungGen      total 69120K, used 3124K [0x00000000ebf00000, 0x00000000f4600000, 0x0000000100000000)
  eden space 62976K, 0% used [0x00000000ebf00000,0x00000000ebf00000,0x00000000efc80000)
  from space 6144K, 50% used [0x00000000efc80000,0x00000000eff8d098,0x00000000f0280000)
  to   space 6144K, 0% used [0x00000000f4000000,0x00000000f4000000,0x00000000f4600000)
 ParOldGen       total 42496K, used 7304K [0x00000000c3c00000, 0x00000000c6580000, 0x00000000ebf00000)
  object space 42496K, 17% used [0x00000000c3c00000,0x00000000c4322268,0x00000000c6580000)
 Metaspace       used 20056K, capacity 21196K, committed 21296K, reserved 1067008K
  class space    used 2636K, capacity 2867K, committed 2944K, reserved 1048576K
}
Event: 1.916 GC heap before
{Heap before GC invocations=8 (full 1):
 PSYoungGen      total 69120K, used 3124K [0x00000000ebf00000, 0x00000000f4600000, 0x0000000100000000)
  eden space 62976K, 0% used [0x00000000ebf00000,0x00000000ebf00000,0x00000000efc80000)
  from space 6144K, 50% used [0x00000000efc80000,0x00000000eff8d098,0x00000000f0280000)
  to   space 6144K, 0% used [0x00000000f4000000,0x00000000f4000000,0x00000000f4600000)
 ParOldGen       total 42496K, used 7304K [0x00000000c3c00000, 0x00000000c6580000, 0x00000000ebf00000)
  object space 42496K, 17% used [0x00000000c3c00000,0x00000000c4322268,0x00000000c6580000)
 Metaspace       used 20056K, capacity 21196K, committed 21296K, reserved 1067008K
  class space    used 2636K, capacity 2867K, committed 2944K, reserved 1048576K
Event: 1.943 GC heap after
Heap after GC invocations=8 (full 1):
 PSYoungGen      total 69120K, used 0K [0x00000000ebf00000, 0x00000000f4600000, 0x0000000100000000)
  eden space 62976K, 0% used [0x00000000ebf00000,0x00000000ebf00000,0x00000000efc80000)
  from space 6144K, 0% used [0x00000000efc80000,0x00000000efc80000,0x00000000f0280000)
  to   space 6144K, 0% used [0x00000000f4000000,0x00000000f4000000,0x00000000f4600000)
 ParOldGen       total 31232K, used 5461K [0x00000000c3c00000, 0x00000000c5a80000, 0x00000000ebf00000)
  object space 31232K, 17% used [0x00000000c3c00000,0x00000000c4155578,0x00000000c5a80000)
 Metaspace       used 20056K, capacity 21196K, committed 21296K, reserved 1067008K
  class space    used 2636K, capacity 2867K, committed 2944K, reserved 1048576K
}
Event: 2.243 GC heap before
{Heap before GC invocations=9 (full 1):
 PSYoungGen      total 69120K, used 62976K [0x00000000ebf00000, 0x00000000f4600000, 0x0000000100000000)
  eden space 62976K, 100% used [0x00000000ebf00000,0x00000000efc80000,0x00000000efc80000)
  from space 6144K, 0% used [0x00000000efc80000,0x00000000efc80000,0x00000000f0280000)
  to   space 6144K, 0% used [0x00000000f4000000,0x00000000f4000000,0x00000000f4600000)
 ParOldGen       total 31232K, used 5461K [0x00000000c3c00000, 0x00000000c5a80000, 0x00000000ebf00000)
  object space 31232K, 17% used [0x00000000c3c00000,0x00000000c4155578,0x00000000c5a80000)
 Metaspace       used 22815K, capacity 24106K, committed 24320K, reserved 1071104K
  class space    used 3025K, capacity 3282K, committed 3328K, reserved 1048576K
Event: 2.250 GC heap after
Heap after GC invocations=9 (full 1):
 PSYoungGen      total 104960K, used 3689K [0x00000000ebf00000, 0x00000000f4400000, 0x0000000100000000)
  eden space 100864K, 0% used [0x00000000ebf00000,0x00000000ebf00000,0x00000000f2180000)
  from space 4096K, 90% used [0x00000000f4000000,0x00000000f439a518,0x00000000f4400000)
  to   space 6144K, 0% used [0x00000000f3800000,0x00000000f3800000,0x00000000f3e00000)
 ParOldGen       total 31232K, used 5469K [0x00000000c3c00000, 0x00000000c5a80000, 0x00000000ebf00000)
  object space 31232K, 17% used [0x00000000c3c00000,0x00000000c4157578,0x00000000c5a80000)
 Metaspace       used 22815K, capacity 24106K, committed 24320K, reserved 1071104K
  class space    used 3025K, capacity 3282K, committed 3328K, reserved 1048576K
}
Event: 3.169 GC heap before
{Heap before GC invocations=10 (full 1):
 PSYoungGen      total 104960K, used 104553K [0x00000000ebf00000, 0x00000000f4400000, 0x0000000100000000)
  eden space 100864K, 100% used [0x00000000ebf00000,0x00000000f2180000,0x00000000f2180000)
  from space 4096K, 90% used [0x00000000f4000000,0x00000000f439a518,0x00000000f4400000)
  to   space 6144K, 0% used [0x00000000f3800000,0x00000000f3800000,0x00000000f3e00000)
 ParOldGen       total 31232K, used 5469K [0x00000000c3c00000, 0x00000000c5a80000, 0x00000000ebf00000)
  object space 31232K, 17% used [0x00000000c3c00000,0x00000000c4157578,0x00000000c5a80000)
 Metaspace       used 28827K, capacity 30280K, committed 30592K, reserved 1075200K
  class space    used 3840K, capacity 4131K, committed 4224K, reserved 1048576K
Event: 3.205 GC heap after
Heap after GC invocations=10 (full 1):
 PSYoungGen      total 130048K, used 6141K [0x00000000ebf00000, 0x00000000f5780000, 0x0000000100000000)
  eden space 123904K, 0% used [0x00000000ebf00000,0x00000000ebf00000,0x00000000f3800000)
  from space 6144K, 99% used [0x00000000f3800000,0x00000000f3dff400,0x00000000f3e00000)
  to   space 8704K, 0% used [0x00000000f4f00000,0x00000000f4f00000,0x00000000f5780000)
 ParOldGen       total 31232K, used 9938K [0x00000000c3c00000, 0x00000000c5a80000, 0x00000000ebf00000)
  object space 31232K, 31% used [0x00000000c3c00000,0x00000000c45b49d0,0x00000000c5a80000)
 Metaspace       used 28827K, capacity 30280K, committed 30592K, reserved 1075200K
  class space    used 3840K, capacity 4131K, committed 4224K, reserved 1048576K
}
Event: 11.621 GC heap before
{Heap before GC invocations=11 (full 1):
 PSYoungGen      total 130048K, used 71845K [0x00000000ebf00000, 0x00000000f5780000, 0x0000000100000000)
  eden space 123904K, 53% used [0x00000000ebf00000,0x00000000eff2a2a0,0x00000000f3800000)
  from space 6144K, 99% used [0x00000000f3800000,0x00000000f3dff400,0x00000000f3e00000)
  to   space 8704K, 0% used [0x00000000f4f00000,0x00000000f4f00000,0x00000000f5780000)
 ParOldGen       total 31232K, used 9938K [0x00000000c3c00000, 0x00000000c5a80000, 0x00000000ebf00000)
  object space 31232K, 31% used [0x00000000c3c00000,0x00000000c45b49d0,0x00000000c5a80000)
 Metaspace       used 33558K, capacity 35346K, committed 35456K, reserved 1079296K
  class space    used 4529K, capacity 4886K, committed 4992K, reserved 1048576K

