# JRE version: Java(TM) SE Runtime Environment (8.0_181-b13) (build 1.8.0_181-b13)
# Java VM: Java HotSpot(TM) 64-Bit Server VM (25.181-b13 mixed mode linux-amd64 compressed oops)
Heap:
 PSYoungGen      total 70144K, used 7152K [0x00000000ebf00000, 0x00000000f0b00000, 0x0000000100000000)
  eden space 62976K, 0% used [0x00000000ebf00000,0x00000000ebf00000,0x00000000efc80000)
  from space 7168K, 99% used [0x00000000efc80000,0x00000000f037c010,0x00000000f0380000)
  to   space 6656K, 0% used [0x00000000f0380000,0x00000000f0380000,0x00000000f0a00000)
 ParOldGen       total 42496K, used 8743K [0x00000000c3c00000, 0x00000000c6580000, 0x00000000ebf00000)
  object space 42496K, 20% used [0x00000000c3c00000,0x00000000c4489eb8,0x00000000c6580000)
 Metaspace       used 13735K, capacity 14090K, committed 14336K, reserved 1062912K
  class space    used 1650K, capacity 1765K, committed 1792K, reserved 1048576K
GC Heap History (10 events):
Event: 0.980 GC heap after
Heap after GC invocations=2 (full 0):
 PSYoungGen      total 18432K, used 2445K [0x00000000ebf00000, 0x00000000ed380000, 0x0000000100000000)
  eden space 15872K, 0% used [0x00000000ebf00000,0x00000000ebf00000,0x00000000ece80000)
  from space 2560K, 95% used [0x00000000ed100000,0x00000000ed363478,0x00000000ed380000)
  to   space 2560K, 0% used [0x00000000ece80000,0x00000000ece80000,0x00000000ed100000)
 ParOldGen       total 42496K, used 667K [0x00000000c3c00000, 0x00000000c6580000, 0x00000000ebf00000)
  object space 42496K, 1% used [0x00000000c3c00000,0x00000000c3ca6df8,0x00000000c6580000)
 Metaspace       used 7592K, capacity 7778K, committed 7936K, reserved 1056768K
  class space    used 948K, capacity 1017K, committed 1024K, reserved 1048576K
}
Event: 1.228 GC heap before
{Heap before GC invocations=3 (full 0):
 PSYoungGen      total 18432K, used 18317K [0x00000000ebf00000, 0x00000000ed380000, 0x0000000100000000)
  eden space 15872K, 100% used [0x00000000ebf00000,0x00000000ece80000,0x00000000ece80000)
  from space 2560K, 95% used [0x00000000ed100000,0x00000000ed363478,0x00000000ed380000)
  to   space 2560K, 0% used [0x00000000ece80000,0x00000000ece80000,0x00000000ed100000)
 ParOldGen       total 42496K, used 667K [0x00000000c3c00000, 0x00000000c6580000, 0x00000000ebf00000)
  object space 42496K, 1% used [0x00000000c3c00000,0x00000000c3ca6df8,0x00000000c6580000)
 Metaspace       used 9549K, capacity 9660K, committed 9728K, reserved 1058816K
  class space    used 1225K, capacity 1277K, committed 1280K, reserved 1048576K
Event: 1.232 GC heap after
Heap after GC invocations=3 (full 0):
 PSYoungGen      total 18432K, used 2560K [0x00000000ebf00000, 0x00000000ee300000, 0x0000000100000000)
  eden space 15872K, 0% used [0x00000000ebf00000,0x00000000ebf00000,0x00000000ece80000)
  from space 2560K, 100% used [0x00000000ece80000,0x00000000ed100000,0x00000000ed100000)
  to   space 2560K, 0% used [0x00000000ee080000,0x00000000ee080000,0x00000000ee300000)
 ParOldGen       total 42496K, used 2197K [0x00000000c3c00000, 0x00000000c6580000, 0x00000000ebf00000)
  object space 42496K, 5% used [0x00000000c3c00000,0x00000000c3e25520,0x00000000c6580000)
 Metaspace       used 9549K, capacity 9660K, committed 9728K, reserved 1058816K
  class space    used 1225K, capacity 1277K, committed 1280K, reserved 1048576K
}
Event: 1.577 GC heap before
{Heap before GC invocations=4 (full 0):
 PSYoungGen      total 18432K, used 18432K [0x00000000ebf00000, 0x00000000ee300000, 0x0000000100000000)
  eden space 15872K, 100% used [0x00000000ebf00000,0x00000000ece80000,0x00000000ece80000)
  from space 2560K, 100% used [0x00000000ece80000,0x00000000ed100000,0x00000000ed100000)
  to   space 2560K, 0% used [0x00000000ee080000,0x00000000ee080000,0x00000000ee300000)
 ParOldGen       total 42496K, used 2197K [0x00000000c3c00000, 0x00000000c6580000, 0x00000000ebf00000)
  object space 42496K, 5% used [0x00000000c3c00000,0x00000000c3e25520,0x00000000c6580000)
 Metaspace       used 12634K, capacity 12994K, committed 13312K, reserved 1060864K
  class space    used 1560K, capacity 1684K, committed 1792K, reserved 1048576K
Event: 1.595 GC heap after
Heap after GC invocations=4 (full 0):
 PSYoungGen      total 34304K, used 2544K [0x00000000ebf00000, 0x00000000ee300000, 0x0000000100000000)
  eden space 31744K, 0% used [0x00000000ebf00000,0x00000000ebf00000,0x00000000ede00000)
  from space 2560K, 99% used [0x00000000ee080000,0x00000000ee2fc010,0x00000000ee300000)
  to   space 2560K, 0% used [0x00000000ede00000,0x00000000ede00000,0x00000000ee080000)
 ParOldGen       total 42496K, used 5117K [0x00000000c3c00000, 0x00000000c6580000, 0x00000000ebf00000)
  object space 42496K, 12% used [0x00000000c3c00000,0x00000000c40ff728,0x00000000c6580000)
 Metaspace       used 12634K, capacity 12994K, committed 13312K, reserved 1060864K
  class space    used 1560K, capacity 1684K, committed 1792K, reserved 1048576K
}
Event: 1.984 GC heap before
{Heap before GC invocations=5 (full 0):
 PSYoungGen      total 34304K, used 34288K [0x00000000ebf00000, 0x00000000ee300000, 0x0000000100000000)
  eden space 31744K, 100% used [0x00000000ebf00000,0x00000000ede00000,0x00000000ede00000)
  from space 2560K, 99% used [0x00000000ee080000,0x00000000ee2fc010,0x00000000ee300000)
  to   space 2560K, 0% used [0x00000000ede00000,0x00000000ede00000,0x00000000ee080000)
 ParOldGen       total 42496K, used 5117K [0x00000000c3c00000, 0x00000000c6580000, 0x00000000ebf00000)
  object space 42496K, 12% used [0x00000000c3c00000,0x00000000c40ff728,0x00000000c6580000)
 Metaspace       used 13307K, capacity 13578K, committed 13824K, reserved 1060864K
  class space    used 1615K, capacity 1726K, committed 1792K, reserved 1048576K
Event: 2.000 GC heap after
Heap after GC invocations=5 (full 0):
 PSYoungGen      total 34304K, used 2544K [0x00000000ebf00000, 0x00000000f0a00000, 0x0000000100000000)
  eden space 31744K, 0% used [0x00000000ebf00000,0x00000000ebf00000,0x00000000ede00000)
  from space 2560K, 99% used [0x00000000ede00000,0x00000000ee07c010,0x00000000ee080000)
  to   space 6656K, 0% used [0x00000000f0380000,0x00000000f0380000,0x00000000f0a00000)
 ParOldGen       total 42496K, used 7410K [0x00000000c3c00000, 0x00000000c6580000, 0x00000000ebf00000)
  object space 42496K, 17% used [0x00000000c3c00000,0x00000000c433cb00,0x00000000c6580000)
 Metaspace       used 13307K, capacity 13578K, committed 13824K, reserved 1060864K
  class space    used 1615K, capacity 1726K, committed 1792K, reserved 1048576K
}
Event: 2.332 GC heap before
{Heap before GC invocations=6 (full 0):
 PSYoungGen      total 34304K, used 34288K [0x00000000ebf00000, 0x00000000f0a00000, 0x0000000100000000)
  eden space 31744K, 100% used [0x00000000ebf00000,0x00000000ede00000,0x00000000ede00000)
  from space 2560K, 99% used [0x00000000ede00000,0x00000000ee07c010,0x00000000ee080000)
  to   space 6656K, 0% used [0x00000000f0380000,0x00000000f0380000,0x00000000f0a00000)
 ParOldGen       total 42496K, used 7410K [0x00000000c3c00000, 0x00000000c6580000, 0x00000000ebf00000)
  object space 42496K, 17% used [0x00000000c3c00000,0x00000000c433cb00,0x00000000c6580000)
 Metaspace       used 13591K, capacity 13930K, committed 14080K, reserved 1060864K
  class space    used 1644K, capacity 1758K, committed 1792K, reserved 1048576K
Event: 2.342 GC heap after
Heap after GC invocations=6 (full 0):
 PSYoungGen      total 69632K, used 5622K [0x00000000ebf00000, 0x00000000f0b00000, 0x0000000100000000)
  eden space 62976K, 0% used [0x00000000ebf00000,0x00000000ebf00000,0x00000000efc80000)
  from space 6656K, 84% used [0x00000000f0380000,0x00000000f08fd990,0x00000000f0a00000)
  to   space 7168K, 0% used [0x00000000efc80000,0x00000000efc80000,0x00000000f0380000)
 ParOldGen       total 42496K, used 7418K [0x00000000c3c00000, 0x00000000c6580000, 0x00000000ebf00000)
  object space 42496K, 17% used [0x00000000c3c00000,0x00000000c433eb00,0x00000000c6580000)
 Metaspace       used 13591K, capacity 13930K, committed 14080K, reserved 1060864K
  class space    used 1644K, capacity 1758K, committed 1792K, reserved 1048576K
}
Event: 6.279 GC heap before
{Heap before GC invocations=7 (full 0):
 PSYoungGen      total 69632K, used 68598K [0x00000000ebf00000, 0x00000000f0b00000, 0x0000000100000000)
  eden space 62976K, 100% used [0x00000000ebf00000,0x00000000efc80000,0x00000000efc80000)
  from space 6656K, 84% used [0x00000000f0380000,0x00000000f08fd990,0x00000000f0a00000)
  to   space 7168K, 0% used [0x00000000efc80000,0x00000000efc80000,0x00000000f0380000)
 ParOldGen       total 42496K, used 7418K [0x00000000c3c00000, 0x00000000c6580000, 0x00000000ebf00000)
  object space 42496K, 17% used [0x00000000c3c00000,0x00000000c433eb00,0x00000000c6580000)
 Metaspace       used 13735K, capacity 14090K, committed 14336K, reserved 1062912K
  class space    used 1650K, capacity 1765K, committed 1792K, reserved 1048576K

