# JRE version: Java(TM) SE Runtime Environment (8.0_181-b13) (build 1.8.0_181-b13)
# Java VM: Java HotSpot(TM) 64-Bit Server VM (25.181-b13 mixed mode linux-amd64 compressed oops)
Heap:
 PSYoungGen      total 155648K, used 9714K [0x00000000ebf00000, 0x00000000f7700000, 0x0000000100000000)
  eden space 145920K, 0% used [0x00000000ebf00000,0x00000000ebf00000,0x00000000f4d80000)
  from space 9728K, 99% used [0x00000000f4d80000,0x00000000f56fc8f0,0x00000000f5700000)
  to   space 8704K, 0% used [0x00000000f5700000,0x00000000f5700000,0x00000000f5f80000)
 ParOldGen       total 49152K, used 20960K [0x00000000c3c00000, 0x00000000c6c00000, 0x00000000ebf00000)
  object space 49152K, 42% used [0x00000000c3c00000,0x00000000c5078380,0x00000000c6c00000)
 Metaspace       used 47052K, capacity 49148K, committed 49408K, reserved 1091584K
  class space    used 6479K, capacity 6879K, committed 6912K, reserved 1048576K
GC Heap History (10 events):
Event: 1.792 GC heap after
Heap after GC invocations=8 (full 1):
 PSYoungGen      total 69120K, used 0K [0x00000000ebf00000, 0x00000000f4600000, 0x0000000100000000)
  eden space 62976K, 0% used [0x00000000ebf00000,0x00000000ebf00000,0x00000000efc80000)
  from space 6144K, 0% used [0x00000000efc80000,0x00000000efc80000,0x00000000f0280000)
  to   space 6144K, 0% used [0x00000000f4000000,0x00000000f4000000,0x00000000f4600000)
 ParOldGen       total 29696K, used 6100K [0x00000000c3c00000, 0x00000000c5900000, 0x00000000ebf00000)
  object space 29696K, 20% used [0x00000000c3c00000,0x00000000c41f5000,0x00000000c5900000)
 Metaspace       used 20024K, capacity 21192K, committed 21296K, reserved 1067008K
  class space    used 2614K, capacity 2867K, committed 2944K, reserved 1048576K
}
Event: 2.137 GC heap before
{Heap before GC invocations=9 (full 1):
 PSYoungGen      total 69120K, used 62959K [0x00000000ebf00000, 0x00000000f4600000, 0x0000000100000000)
  eden space 62976K, 99% used [0x00000000ebf00000,0x00000000efc7be08,0x00000000efc80000)
  from space 6144K, 0% used [0x00000000efc80000,0x00000000efc80000,0x00000000f0280000)
  to   space 6144K, 0% used [0x00000000f4000000,0x00000000f4000000,0x00000000f4600000)
 ParOldGen       total 29696K, used 6100K [0x00000000c3c00000, 0x00000000c5900000, 0x00000000ebf00000)
  object space 29696K, 20% used [0x00000000c3c00000,0x00000000c41f5000,0x00000000c5900000)
 Metaspace       used 23162K, capacity 24436K, committed 24704K, reserved 1071104K
  class space    used 3068K, capacity 3347K, committed 3456K, reserved 1048576K
Event: 2.143 GC heap after
Heap after GC invocations=9 (full 1):
 PSYoungGen      total 110080K, used 4038K [0x00000000ebf00000, 0x00000000f4400000, 0x0000000100000000)
  eden space 105984K, 0% used [0x00000000ebf00000,0x00000000ebf00000,0x00000000f2680000)
  from space 4096K, 98% used [0x00000000f4000000,0x00000000f43f1b28,0x00000000f4400000)
  to   space 6144K, 0% used [0x00000000f3800000,0x00000000f3800000,0x00000000f3e00000)
 ParOldGen       total 29696K, used 6108K [0x00000000c3c00000, 0x00000000c5900000, 0x00000000ebf00000)
  object space 29696K, 20% used [0x00000000c3c00000,0x00000000c41f7000,0x00000000c5900000)
 Metaspace       used 23162K, capacity 24436K, committed 24704K, reserved 1071104K
  class space    used 3068K, capacity 3347K, committed 3456K, reserved 1048576K
}
Event: 3.149 GC heap before
{Heap before GC invocations=10 (full 1):
 PSYoungGen      total 110080K, used 110022K [0x00000000ebf00000, 0x00000000f4400000, 0x0000000100000000)
  eden space 105984K, 100% used [0x00000000ebf00000,0x00000000f2680000,0x00000000f2680000)
  from space 4096K, 98% used [0x00000000f4000000,0x00000000f43f1b28,0x00000000f4400000)
  to   space 6144K, 0% used [0x00000000f3800000,0x00000000f3800000,0x00000000f3e00000)
 ParOldGen       total 29696K, used 6114K [0x00000000c3c00000, 0x00000000c5900000, 0x00000000ebf00000)
  object space 29696K, 20% used [0x00000000c3c00000,0x00000000c41f8988,0x00000000c5900000)
 Metaspace       used 29309K, capacity 30788K, committed 30848K, reserved 1075200K
  class space    used 3890K, capacity 4195K, committed 4224K, reserved 1048576K
Event: 3.164 GC heap after
Heap after GC invocations=10 (full 1):
 PSYoungGen      total 130048K, used 6126K [0x00000000ebf00000, 0x00000000f5f80000, 0x0000000100000000)
  eden space 123904K, 0% used [0x00000000ebf00000,0x00000000ebf00000,0x00000000f3800000)
  from space 6144K, 99% used [0x00000000f3800000,0x00000000f3dfbbe8,0x00000000f3e00000)
  to   space 8704K, 0% used [0x00000000f5700000,0x00000000f5700000,0x00000000f5f80000)
 ParOldGen       total 29696K, used 10901K [0x00000000c3c00000, 0x00000000c5900000, 0x00000000ebf00000)
  object space 29696K, 36% used [0x00000000c3c00000,0x00000000c46a5408,0x00000000c5900000)
 Metaspace       used 29309K, capacity 30788K, committed 30848K, reserved 1075200K
  class space    used 3890K, capacity 4195K, committed 4224K, reserved 1048576K
}
Event: 3.991 GC heap before
{Heap before GC invocations=11 (full 1):
 PSYoungGen      total 130048K, used 65509K [0x00000000ebf00000, 0x00000000f5f80000, 0x0000000100000000)
  eden space 123904K, 47% used [0x00000000ebf00000,0x00000000ef8fdbf0,0x00000000f3800000)
  from space 6144K, 99% used [0x00000000f3800000,0x00000000f3dfbbe8,0x00000000f3e00000)
  to   space 8704K, 0% used [0x00000000f5700000,0x00000000f5700000,0x00000000f5f80000)
 ParOldGen       total 29696K, used 10901K [0x00000000c3c00000, 0x00000000c5900000, 0x00000000ebf00000)
  object space 29696K, 36% used [0x00000000c3c00000,0x00000000c46a5408,0x00000000c5900000)
 Metaspace       used 33571K, capacity 35322K, committed 35496K, reserved 1079296K
  class space    used 4510K, capacity 4854K, committed 4864K, reserved 1048576K
Event: 4.001 GC heap after
Heap after GC invocations=11 (full 1):
 PSYoungGen      total 154624K, used 8277K [0x00000000ebf00000, 0x00000000f7700000, 0x0000000100000000)
  eden space 145920K, 0% used [0x00000000ebf00000,0x00000000ebf00000,0x00000000f4d80000)
  from space 8704K, 95% used [0x00000000f5700000,0x00000000f5f15578,0x00000000f5f80000)
  to   space 9728K, 0% used [0x00000000f4d80000,0x00000000f4d80000,0x00000000f5700000)
 ParOldGen       total 29696K, used 12915K [0x00000000c3c00000, 0x00000000c5900000, 0x00000000ebf00000)
  object space 29696K, 43% used [0x00000000c3c00000,0x00000000c489cd30,0x00000000c5900000)
 Metaspace       used 33571K, capacity 35322K, committed 35496K, reserved 1079296K
  class space    used 4510K, capacity 4854K, committed 4864K, reserved 1048576K
}
Event: 4.001 GC heap before
{Heap before GC invocations=12 (full 2):
 PSYoungGen      total 154624K, used 8277K [0x00000000ebf00000, 0x00000000f7700000, 0x0000000100000000)
  eden space 145920K, 0% used [0x00000000ebf00000,0x00000000ebf00000,0x00000000f4d80000)
  from space 8704K, 95% used [0x00000000f5700000,0x00000000f5f15578,0x00000000f5f80000)
  to   space 9728K, 0% used [0x00000000f4d80000,0x00000000f4d80000,0x00000000f5700000)
 ParOldGen       total 29696K, used 12915K [0x00000000c3c00000, 0x00000000c5900000, 0x00000000ebf00000)
  object space 29696K, 43% used [0x00000000c3c00000,0x00000000c489cd30,0x00000000c5900000)
 Metaspace       used 33571K, capacity 35322K, committed 35496K, reserved 1079296K
  class space    used 4510K, capacity 4854K, committed 4864K, reserved 1048576K
Event: 4.057 GC heap after
Heap after GC invocations=12 (full 2):
 PSYoungGen      total 154624K, used 0K [0x00000000ebf00000, 0x00000000f7700000, 0x0000000100000000)
  eden space 145920K, 0% used [0x00000000ebf00000,0x00000000ebf00000,0x00000000f4d80000)
  from space 8704K, 0% used [0x00000000f5700000,0x00000000f5700000,0x00000000f5f80000)
  to   space 9728K, 0% used [0x00000000f4d80000,0x00000000f4d80000,0x00000000f5700000)
 ParOldGen       total 49152K, used 14336K [0x00000000c3c00000, 0x00000000c6c00000, 0x00000000ebf00000)
  object space 49152K, 29% used [0x00000000c3c00000,0x00000000c4a00120,0x00000000c6c00000)
 Metaspace       used 33571K, capacity 35322K, committed 35496K, reserved 1079296K
  class space    used 4510K, capacity 4854K, committed 4864K, reserved 1048576K
}
Event: 10.270 GC heap before
{Heap before GC invocations=13 (full 2):
 PSYoungGen      total 154624K, used 145920K [0x00000000ebf00000, 0x00000000f7700000, 0x0000000100000000)
  eden space 145920K, 100% used [0x00000000ebf00000,0x00000000f4d80000,0x00000000f4d80000)
  from space 8704K, 0% used [0x00000000f5700000,0x00000000f5700000,0x00000000f5f80000)
  to   space 9728K, 0% used [0x00000000f4d80000,0x00000000f4d80000,0x00000000f5700000)
 ParOldGen       total 49152K, used 14342K [0x00000000c3c00000, 0x00000000c6c00000, 0x00000000ebf00000)
  object space 49152K, 29% used [0x00000000c3c00000,0x00000000c4a01ba0,0x00000000c6c00000)
 Metaspace       used 47052K, capacity 49148K, committed 49408K, reserved 1091584K
  class space    used 6479K, capacity 6879K, committed 6912K, reserved 1048576K

